[2025-11-23 13:33:10] [INFO] [rules] RiskEngine initialized with 13 thresholds and 4 rules
[2025-11-23 13:33:10] [INFO] [rules] Starting risk assessment for transaction 333
[2025-11-23 13:33:10] [INFO] [rules] Transaction details: Amount=200.00 DZD, Type=transfer, Client=loay abassi
[2025-11-23 13:33:10] [INFO] [rules] 🎯 Enhanced Distance-Based Risk Analysis for Transaction 333:
[2025-11-23 13:33:10] [INFO] [rules]   📍 Home location: (34.931003, 9.357500)
[2025-11-23 13:33:10] [INFO] [rules]   📍 Current transaction location: (33.865728, 10.0466688)
[2025-11-23 13:33:10] [INFO] [rules]   📍 Last verified location: (34.727526, 10.744627)
[2025-11-23 13:33:10] [INFO] [rules]   📏 Distance from home: 134.27km
[2025-11-23 13:33:10] [INFO] [rules]   📏 Distance from last verified: 115.30km
[2025-11-23 13:33:10] [INFO] [rules]   🎯 Effective distance: 115.30km (minimum = safest path)
[2025-11-23 13:33:10] [INFO] [rules]   🏆 Closest reference point: LAST_VERIFIED
[2025-11-23 13:33:10] [INFO] [rules]   🚧 Distance threshold: 60.0km
[2025-11-23 13:33:10] [WARNING] [rules] Rule 4 triggered: ⚠️ Effective distance violation: 115.30km > 60.0km threshold
[2025-11-23 13:33:10] [WARNING] [rules] ❌ LOCATION VIOLATION: Effective distance 115.30km exceeds 60.0km threshold
[2025-11-23 13:33:10] [WARNING] [rules]   📏 Distance from home: 134.27km
[2025-11-23 13:33:10] [WARNING] [rules]   📏 Distance from last verified: 115.30km
[2025-11-23 13:33:10] [WARNING] [rules]   🚫 Both distances exceed threshold - OTP REQUIRED
[2025-11-23 13:33:10] [INFO] [rules] Rule evaluation: Effective Distance Violation - OTP REQUIRED | Transaction: 333 | Status: TRIGGERED | Risk Score: 50 | Data: {"rule_name": "Effective Distance Violation - OTP REQUIRED", "transaction_id": 333, "triggered": true, "risk_score": 50, "triggers": ["\u274c EFFECTIVE DISTANCE VIOLATION: 115.30km > 60.0km", "Distance from home: 134.27km", "Distance from last verified: 115.30km", "Effective distance (minimum): 115.30km", "Both distances exceed threshold \u2192 OTP REQUIRED"]}
[2025-11-23 13:33:10] [CRITICAL] [rules] 🔐 MANDATORY OTP REQUIRED: Effective distance 115.30km exceeds 60.0km threshold for transaction 333
[2025-11-23 13:33:10] [CRITICAL] [rules] 🔐 Effective distance-based OTP enforcement: Transaction 333 requires mandatory OTP
[2025-11-23 13:33:10] [INFO] [rules] Risk assessment completed: Score=50, Triggers=1, Requires OTP=True, Decision=Monitor
[2025-11-23 13:33:10] [INFO] [rules] Creating fraud alert for transaction 333: Medium risk, score 50
[2025-11-23 13:33:10] [INFO] [rules] Fraud alert created: ID 162
[2025-11-23 13:33:10] [INFO] [rules] RiskEngine initialized with 13 thresholds and 4 rules
[2025-11-23 13:33:10] [INFO] [rules] Starting risk assessment for transaction 333
[2025-11-23 13:33:10] [INFO] [rules] Transaction details: Amount=200.00 DZD, Type=transfer, Client=loay abassi
[2025-11-23 13:33:10] [INFO] [rules] 🎯 Enhanced Distance-Based Risk Analysis for Transaction 333:
[2025-11-23 13:33:10] [INFO] [rules]   📍 Home location: (34.931003, 9.357500)
[2025-11-23 13:33:10] [INFO] [rules]   📍 Current transaction location: (33.865728, 10.0466688)
[2025-11-23 13:33:10] [INFO] [rules]   📍 Last verified location: (34.727526, 10.744627)
[2025-11-23 13:33:10] [INFO] [rules]   📏 Distance from home: 134.27km
[2025-11-23 13:33:10] [INFO] [rules]   📏 Distance from last verified: 115.30km
[2025-11-23 13:33:10] [INFO] [rules]   🎯 Effective distance: 115.30km (minimum = safest path)
[2025-11-23 13:33:10] [INFO] [rules]   🏆 Closest reference point: LAST_VERIFIED
[2025-11-23 13:33:10] [INFO] [rules]   🚧 Distance threshold: 60.0km
[2025-11-23 13:33:10] [WARNING] [rules] Rule 4 triggered: ⚠️ Effective distance violation: 115.30km > 60.0km threshold
[2025-11-23 13:33:10] [WARNING] [rules] ❌ LOCATION VIOLATION: Effective distance 115.30km exceeds 60.0km threshold
[2025-11-23 13:33:10] [WARNING] [rules]   📏 Distance from home: 134.27km
[2025-11-23 13:33:10] [WARNING] [rules]   📏 Distance from last verified: 115.30km
[2025-11-23 13:33:10] [WARNING] [rules]   🚫 Both distances exceed threshold - OTP REQUIRED
[2025-11-23 13:33:10] [INFO] [rules] Rule evaluation: Effective Distance Violation - OTP REQUIRED | Transaction: 333 | Status: TRIGGERED | Risk Score: 50 | Data: {"rule_name": "Effective Distance Violation - OTP REQUIRED", "transaction_id": 333, "triggered": true, "risk_score": 50, "triggers": ["\u274c EFFECTIVE DISTANCE VIOLATION: 115.30km > 60.0km", "Distance from home: 134.27km", "Distance from last verified: 115.30km", "Effective distance (minimum): 115.30km", "Both distances exceed threshold \u2192 OTP REQUIRED"]}
[2025-11-23 13:33:10] [CRITICAL] [rules] 🔐 MANDATORY OTP REQUIRED: Effective distance 115.30km exceeds 60.0km threshold for transaction 333
[2025-11-23 13:33:10] [CRITICAL] [rules] 🔐 Effective distance-based OTP enforcement: Transaction 333 requires mandatory OTP
[2025-11-23 13:33:10] [INFO] [rules] Risk assessment completed: Score=50, Triggers=1, Requires OTP=True, Decision=Monitor
[2025-11-23 13:33:19] [INFO] [rules] RiskEngine initialized with 13 thresholds and 4 rules
[2025-11-23 13:33:19] [INFO] [rules] ML Location features: Home=134.27km, LastVerified=115.30km, Effective=115.30km
[2025-11-23 13:33:19] [INFO] [rules] RiskEngine initialized with 13 thresholds and 4 rules
[2025-11-23 13:33:19] [INFO] [rules] ML Location features: Home=134.27km, LastVerified=115.30km, Effective=115.30km
[2025-11-23 14:17:52] [INFO] [rules] RiskEngine initialized with 13 thresholds and 4 rules
[2025-11-23 14:17:52] [INFO] [rules] Starting risk assessment for transaction 334
[2025-11-23 14:17:52] [INFO] [rules] Transaction details: Amount=200.00 DZD, Type=transfer, Client=loay abassi
[2025-11-23 14:17:52] [INFO] [rules] 🎯 Enhanced Distance-Based Risk Analysis for Transaction 334:
[2025-11-23 14:17:52] [INFO] [rules]   📍 Home location: (34.931003, 9.357500)
[2025-11-23 14:17:52] [INFO] [rules]   📍 Current transaction location: (33.865728, 10.0466688)
[2025-11-23 14:17:52] [INFO] [rules]   📍 Last verified location: (34.727526, 10.744627)
[2025-11-23 14:17:52] [INFO] [rules]   📏 Distance from home: 134.27km
[2025-11-23 14:17:52] [INFO] [rules]   📏 Distance from last verified: 115.30km
[2025-11-23 14:17:52] [INFO] [rules]   🎯 Effective distance: 115.30km (minimum = safest path)
[2025-11-23 14:17:52] [INFO] [rules]   🏆 Closest reference point: LAST_VERIFIED
[2025-11-23 14:17:52] [INFO] [rules]   🚧 Distance threshold: 60.0km
[2025-11-23 14:17:52] [WARNING] [rules] Rule 4 triggered: ⚠️ Effective distance violation: 115.30km > 60.0km threshold
[2025-11-23 14:17:52] [WARNING] [rules] ❌ LOCATION VIOLATION: Effective distance 115.30km exceeds 60.0km threshold
[2025-11-23 14:17:52] [WARNING] [rules]   📏 Distance from home: 134.27km
[2025-11-23 14:17:52] [WARNING] [rules]   📏 Distance from last verified: 115.30km
[2025-11-23 14:17:52] [WARNING] [rules]   🚫 Both distances exceed threshold - OTP REQUIRED
[2025-11-23 14:17:52] [INFO] [rules] Rule evaluation: Effective Distance Violation - OTP REQUIRED | Transaction: 334 | Status: TRIGGERED | Risk Score: 50 | Data: {"rule_name": "Effective Distance Violation - OTP REQUIRED", "transaction_id": 334, "triggered": true, "risk_score": 50, "triggers": ["\u274c EFFECTIVE DISTANCE VIOLATION: 115.30km > 60.0km", "Distance from home: 134.27km", "Distance from last verified: 115.30km", "Effective distance (minimum): 115.30km", "Both distances exceed threshold \u2192 OTP REQUIRED"]}
[2025-11-23 14:17:52] [CRITICAL] [rules] 🔐 MANDATORY OTP REQUIRED: Effective distance 115.30km exceeds 60.0km threshold for transaction 334
[2025-11-23 14:17:52] [CRITICAL] [rules] 🔐 Effective distance-based OTP enforcement: Transaction 334 requires mandatory OTP
[2025-11-23 14:17:52] [INFO] [rules] Risk assessment completed: Score=50, Triggers=1, Requires OTP=True, Decision=Monitor
[2025-11-23 14:17:52] [INFO] [rules] Creating fraud alert for transaction 334: Medium risk, score 50
[2025-11-23 14:17:52] [INFO] [rules] Fraud alert created: ID 163
[2025-11-23 14:17:52] [INFO] [rules] RiskEngine initialized with 13 thresholds and 4 rules
[2025-11-23 14:17:52] [INFO] [rules] Starting risk assessment for transaction 334
[2025-11-23 14:17:52] [INFO] [rules] Transaction details: Amount=200.00 DZD, Type=transfer, Client=loay abassi
[2025-11-23 14:17:52] [INFO] [rules] 🎯 Enhanced Distance-Based Risk Analysis for Transaction 334:
[2025-11-23 14:17:52] [INFO] [rules]   📍 Home location: (34.931003, 9.357500)
[2025-11-23 14:17:52] [INFO] [rules]   📍 Current transaction location: (33.865728, 10.0466688)
[2025-11-23 14:17:52] [INFO] [rules]   📍 Last verified location: (34.727526, 10.744627)
[2025-11-23 14:17:52] [INFO] [rules]   📏 Distance from home: 134.27km
[2025-11-23 14:17:52] [INFO] [rules]   📏 Distance from last verified: 115.30km
[2025-11-23 14:17:52] [INFO] [rules]   🎯 Effective distance: 115.30km (minimum = safest path)
[2025-11-23 14:17:52] [INFO] [rules]   🏆 Closest reference point: LAST_VERIFIED
[2025-11-23 14:17:52] [INFO] [rules]   🚧 Distance threshold: 60.0km
[2025-11-23 14:17:52] [WARNING] [rules] Rule 4 triggered: ⚠️ Effective distance violation: 115.30km > 60.0km threshold
[2025-11-23 14:17:52] [WARNING] [rules] ❌ LOCATION VIOLATION: Effective distance 115.30km exceeds 60.0km threshold
[2025-11-23 14:17:52] [WARNING] [rules]   📏 Distance from home: 134.27km
[2025-11-23 14:17:52] [WARNING] [rules]   📏 Distance from last verified: 115.30km
[2025-11-23 14:17:52] [WARNING] [rules]   🚫 Both distances exceed threshold - OTP REQUIRED
[2025-11-23 14:17:52] [INFO] [rules] Rule evaluation: Effective Distance Violation - OTP REQUIRED | Transaction: 334 | Status: TRIGGERED | Risk Score: 50 | Data: {"rule_name": "Effective Distance Violation - OTP REQUIRED", "transaction_id": 334, "triggered": true, "risk_score": 50, "triggers": ["\u274c EFFECTIVE DISTANCE VIOLATION: 115.30km > 60.0km", "Distance from home: 134.27km", "Distance from last verified: 115.30km", "Effective distance (minimum): 115.30km", "Both distances exceed threshold \u2192 OTP REQUIRED"]}
[2025-11-23 14:17:52] [CRITICAL] [rules] 🔐 MANDATORY OTP REQUIRED: Effective distance 115.30km exceeds 60.0km threshold for transaction 334
[2025-11-23 14:17:52] [CRITICAL] [rules] 🔐 Effective distance-based OTP enforcement: Transaction 334 requires mandatory OTP
[2025-11-23 14:17:52] [INFO] [rules] Risk assessment completed: Score=50, Triggers=1, Requires OTP=True, Decision=Monitor
[2025-11-23 14:17:53] [INFO] [rules] RiskEngine initialized with 13 thresholds and 4 rules
[2025-11-23 14:17:53] [INFO] [rules] ML Location features: Home=134.27km, LastVerified=115.30km, Effective=115.30km
[2025-11-23 14:17:53] [INFO] [rules] RiskEngine initialized with 13 thresholds and 4 rules
[2025-11-23 14:17:53] [INFO] [rules] ML Location features: Home=134.27km, LastVerified=115.30km, Effective=115.30km
[2025-11-23 14:17:53] [INFO] [rules] Fraud alert already exists for transaction 334: ID 163
[2025-11-23 14:36:38] [INFO] [rules] RiskEngine initialized with 13 thresholds and 4 rules
[2025-11-23 14:36:38] [INFO] [rules] Starting risk assessment for transaction 335
[2025-11-23 14:36:38] [INFO] [rules] Transaction details: Amount=200.00 DZD, Type=transfer, Client=loay abassi
[2025-11-23 14:36:38] [INFO] [rules] 🎯 Enhanced Distance-Based Risk Analysis for Transaction 335:
[2025-11-23 14:36:38] [INFO] [rules]   📍 Home location: (34.931003, 9.357500)
[2025-11-23 14:36:38] [INFO] [rules]   📍 Current transaction location: (33.865728, 10.0466688)
[2025-11-23 14:36:38] [INFO] [rules]   📍 Last verified location: (34.727526, 10.744627)
[2025-11-23 14:36:38] [INFO] [rules]   📏 Distance from home: 134.27km
[2025-11-23 14:36:38] [INFO] [rules]   📏 Distance from last verified: 115.30km
[2025-11-23 14:36:38] [INFO] [rules]   🎯 Effective distance: 115.30km (minimum = safest path)
[2025-11-23 14:36:38] [INFO] [rules]   🏆 Closest reference point: LAST_VERIFIED
[2025-11-23 14:36:38] [INFO] [rules]   🚧 Distance threshold: 60.0km
[2025-11-23 14:36:38] [WARNING] [rules] Rule 4 triggered: ⚠️ Effective distance violation: 115.30km > 60.0km threshold
[2025-11-23 14:36:38] [WARNING] [rules] ❌ LOCATION VIOLATION: Effective distance 115.30km exceeds 60.0km threshold
[2025-11-23 14:36:38] [WARNING] [rules]   📏 Distance from home: 134.27km
[2025-11-23 14:36:38] [WARNING] [rules]   📏 Distance from last verified: 115.30km
[2025-11-23 14:36:38] [WARNING] [rules]   🚫 Both distances exceed threshold - OTP REQUIRED
[2025-11-23 14:36:38] [INFO] [rules] Rule evaluation: Effective Distance Violation - OTP REQUIRED | Transaction: 335 | Status: TRIGGERED | Risk Score: 50 | Data: {"rule_name": "Effective Distance Violation - OTP REQUIRED", "transaction_id": 335, "triggered": true, "risk_score": 50, "triggers": ["\u274c EFFECTIVE DISTANCE VIOLATION: 115.30km > 60.0km", "Distance from home: 134.27km", "Distance from last verified: 115.30km", "Effective distance (minimum): 115.30km", "Both distances exceed threshold \u2192 OTP REQUIRED"]}
[2025-11-23 14:36:38] [CRITICAL] [rules] 🔐 MANDATORY OTP REQUIRED: Effective distance 115.30km exceeds 60.0km threshold for transaction 335
[2025-11-23 14:36:38] [CRITICAL] [rules] 🔐 Effective distance-based OTP enforcement: Transaction 335 requires mandatory OTP
[2025-11-23 14:36:38] [INFO] [rules] Risk assessment completed: Score=50, Triggers=1, Requires OTP=True, Decision=Monitor
[2025-11-23 14:36:38] [INFO] [rules] Creating fraud alert for transaction 335: Medium risk, score 50
[2025-11-23 14:36:38] [INFO] [rules] Fraud alert created: ID 164
[2025-11-23 14:36:38] [INFO] [rules] RiskEngine initialized with 13 thresholds and 4 rules
[2025-11-23 14:36:38] [INFO] [rules] Starting risk assessment for transaction 335
[2025-11-23 14:36:38] [INFO] [rules] Transaction details: Amount=200.00 DZD, Type=transfer, Client=loay abassi
[2025-11-23 14:36:38] [INFO] [rules] 🎯 Enhanced Distance-Based Risk Analysis for Transaction 335:
[2025-11-23 14:36:38] [INFO] [rules]   📍 Home location: (34.931003, 9.357500)
[2025-11-23 14:36:38] [INFO] [rules]   📍 Current transaction location: (33.865728, 10.0466688)
[2025-11-23 14:36:38] [INFO] [rules]   📍 Last verified location: (34.727526, 10.744627)
[2025-11-23 14:36:38] [INFO] [rules]   📏 Distance from home: 134.27km
[2025-11-23 14:36:38] [INFO] [rules]   📏 Distance from last verified: 115.30km
[2025-11-23 14:36:38] [INFO] [rules]   🎯 Effective distance: 115.30km (minimum = safest path)
[2025-11-23 14:36:38] [INFO] [rules]   🏆 Closest reference point: LAST_VERIFIED
[2025-11-23 14:36:38] [INFO] [rules]   🚧 Distance threshold: 60.0km
[2025-11-23 14:36:38] [WARNING] [rules] Rule 4 triggered: ⚠️ Effective distance violation: 115.30km > 60.0km threshold
[2025-11-23 14:36:38] [WARNING] [rules] ❌ LOCATION VIOLATION: Effective distance 115.30km exceeds 60.0km threshold
[2025-11-23 14:36:38] [WARNING] [rules]   📏 Distance from home: 134.27km
[2025-11-23 14:36:38] [WARNING] [rules]   📏 Distance from last verified: 115.30km
[2025-11-23 14:36:38] [WARNING] [rules]   🚫 Both distances exceed threshold - OTP REQUIRED
[2025-11-23 14:36:38] [INFO] [rules] Rule evaluation: Effective Distance Violation - OTP REQUIRED | Transaction: 335 | Status: TRIGGERED | Risk Score: 50 | Data: {"rule_name": "Effective Distance Violation - OTP REQUIRED", "transaction_id": 335, "triggered": true, "risk_score": 50, "triggers": ["\u274c EFFECTIVE DISTANCE VIOLATION: 115.30km > 60.0km", "Distance from home: 134.27km", "Distance from last verified: 115.30km", "Effective distance (minimum): 115.30km", "Both distances exceed threshold \u2192 OTP REQUIRED"]}
[2025-11-23 14:36:38] [CRITICAL] [rules] 🔐 MANDATORY OTP REQUIRED: Effective distance 115.30km exceeds 60.0km threshold for transaction 335
[2025-11-23 14:36:38] [CRITICAL] [rules] 🔐 Effective distance-based OTP enforcement: Transaction 335 requires mandatory OTP
[2025-11-23 14:36:38] [INFO] [rules] Risk assessment completed: Score=50, Triggers=1, Requires OTP=True, Decision=Monitor
[2025-11-23 14:36:39] [INFO] [rules] RiskEngine initialized with 13 thresholds and 4 rules
[2025-11-23 14:36:39] [INFO] [rules] ML Location features: Home=134.27km, LastVerified=115.30km, Effective=115.30km
[2025-11-23 14:36:39] [INFO] [rules] RiskEngine initialized with 13 thresholds and 4 rules
[2025-11-23 14:36:39] [INFO] [rules] ML Location features: Home=134.27km, LastVerified=115.30km, Effective=115.30km
[2025-11-23 14:36:39] [INFO] [rules] Fraud alert already exists for transaction 335: ID 164
