[2025-09-03 15:49:08] [INFO] [ai] ML model loaded successfully from C:\Users\HP\Desktop\projects\safeNetAi\backend\models\fraud_isolation.joblib
[2025-09-03 15:49:08] [INFO] [ai] Making ML prediction for transaction 296
[2025-09-03 15:49:08] [INFO] [ai] Preparing features for transaction 296
[2025-09-03 15:49:08] [INFO] [ai] Features prepared: 7 features, shape: (1, 7)
[2025-09-03 15:49:08] [INFO] [ai] ML prediction: Raw score=-0.0828, Normalized score=0.5828
[2025-09-03 15:49:08] [INFO] [ai] AI Prediction | Model: Fraud Detection Isolation Forest | Confidence: 0.58 | Time: 0.010s | Data: {"model_name": "Fraud Detection Isolation Forest", "prediction": 0.5828239235242251, "confidence": 0.5828239235242251, "processing_time": 0.009986400604248047}
[2025-09-03 15:49:42] [INFO] [ai] ML model loaded successfully from C:\Users\HP\Desktop\projects\safeNetAi\backend\models\fraud_isolation.joblib
[2025-09-03 15:49:42] [INFO] [ai] Making ML prediction for transaction 297
[2025-09-03 15:49:42] [INFO] [ai] Preparing features for transaction 297
[2025-09-03 15:49:42] [INFO] [ai] Features prepared: 7 features, shape: (1, 7)
[2025-09-03 15:49:42] [INFO] [ai] ML prediction: Raw score=-0.0828, Normalized score=0.5828
[2025-09-03 15:49:42] [INFO] [ai] AI Prediction | Model: Fraud Detection Isolation Forest | Confidence: 0.58 | Time: 0.006s | Data: {"model_name": "Fraud Detection Isolation Forest", "prediction": 0.5828239235242251, "confidence": 0.5828239235242251, "processing_time": 0.0060100555419921875}
[2025-09-03 15:53:16] [INFO] [ai] ML model loaded successfully from C:\Users\HP\Desktop\projects\safeNetAi\backend\models\fraud_isolation.joblib
[2025-09-03 15:53:16] [INFO] [ai] Making ML prediction for transaction 298
[2025-09-03 15:53:16] [INFO] [ai] Preparing features for transaction 298
[2025-09-03 15:53:16] [INFO] [ai] Features prepared: 7 features, shape: (1, 7)
[2025-09-03 15:53:16] [INFO] [ai] ML prediction: Raw score=0.0312, Normalized score=0.4688
[2025-09-03 15:53:16] [INFO] [ai] AI Prediction | Model: Fraud Detection Isolation Forest | Confidence: 0.47 | Time: 0.005s | Data: {"model_name": "Fraud Detection Isolation Forest", "prediction": 0.4687549424283146, "confidence": 0.4687549424283146, "processing_time": 0.004996776580810547}
[2025-09-03 16:00:37] [INFO] [ai] ML model loaded successfully from C:\Users\HP\Desktop\projects\safeNetAi\backend\models\fraud_isolation.joblib
[2025-09-03 16:00:37] [INFO] [ai] Making ML prediction for transaction 299
[2025-09-03 16:00:37] [INFO] [ai] Preparing features for transaction 299
[2025-09-03 16:00:37] [INFO] [ai] Features prepared: 7 features, shape: (1, 7)
[2025-09-03 16:00:37] [INFO] [ai] ML prediction: Raw score=0.0198, Normalized score=0.4802
[2025-09-03 16:00:37] [INFO] [ai] AI Prediction | Model: Fraud Detection Isolation Forest | Confidence: 0.48 | Time: 0.006s | Data: {"model_name": "Fraud Detection Isolation Forest", "prediction": 0.480161714929228, "confidence": 0.480161714929228, "processing_time": 0.006022453308105469}
