[2025-09-02 01:55:54] [INFO] [system] System event: RiskEngine initialized | Component: risk_engine | Severity: INFO | Data: {"thresholds_count": 6, "rules_count": 4}
[2025-09-02 01:55:56] [INFO] [system] System event: ML model loaded successfully | Component: fraud_ml_model | Severity: INFO | Data: {"model_path": "C:\\Users\\HP\\Desktop\\projects\\safeNetAi\\backend\\models\\fraud_isolation.joblib"}
[2025-09-02 01:55:56] [INFO] [system] System event: RiskEngine initialized | Component: risk_engine | Severity: INFO | Data: {"thresholds_count": 6, "rules_count": 4}
[2025-09-02 02:01:21] [INFO] [django.utils.autoreload] Watching for file changes with StatReloader
[2025-09-02 02:04:07] [INFO] [django.server] "OPTIONS /api/client/profile/me/ HTTP/1.1" 200 0
[2025-09-02 02:04:07] [INFO] [django.server] "OPTIONS /api/client/profile/me/ HTTP/1.1" 200 0
[2025-09-02 02:04:07] [INFO] [django.server] "GET /api/client/profile/me/ HTTP/1.1" 200 432
[2025-09-02 02:04:07] [INFO] [django.server] "GET /api/client/profile/me/ HTTP/1.1" 200 432
[2025-09-02 02:04:07] [INFO] [django.server] "OPTIONS /api/client/transactions/ HTTP/1.1" 200 0
[2025-09-02 02:04:07] [INFO] [django.server] "OPTIONS /api/client/transactions/ HTTP/1.1" 200 0
[2025-09-02 02:04:07] [INFO] [django.server] "GET /api/client/profile/me/ HTTP/1.1" 200 432
[2025-09-02 02:04:07] [INFO] [django.server] "GET /api/client/profile/me/ HTTP/1.1" 200 432
[2025-09-02 02:04:07] [INFO] [django.server] "GET /api/client/transactions/ HTTP/1.1" 200 1425
[2025-09-02 02:04:07] [INFO] [django.server] "GET /api/client/transactions/ HTTP/1.1" 200 1425
[2025-09-02 02:06:34] [INFO] [django.server] "OPTIONS /api/auth/login/ HTTP/1.1" 200 0
[2025-09-02 02:06:35] [INFO] [django.server] "POST /api/auth/login/ HTTP/1.1" 200 647
[2025-09-02 02:06:35] [INFO] [django.server] "GET /api/client/profile/me/ HTTP/1.1" 200 432
[2025-09-02 02:06:35] [INFO] [django.server] "GET /api/client/profile/me/ HTTP/1.1" 200 432
[2025-09-02 02:06:35] [INFO] [django.server] "GET /api/client/transactions/ HTTP/1.1" 200 1425
[2025-09-02 02:06:35] [INFO] [django.server] "GET /api/client/transactions/ HTTP/1.1" 200 1425
[2025-09-02 02:06:58] [INFO] [django.server] "GET /api/client/profile/me/ HTTP/1.1" 200 432
[2025-09-02 02:06:58] [INFO] [django.server] "GET /api/client/profile/me/ HTTP/1.1" 200 432
[2025-09-02 02:06:58] [INFO] [django.server] "GET /api/client/transactions/ HTTP/1.1" 200 1425
[2025-09-02 02:06:58] [INFO] [django.server] "GET /api/client/transactions/ HTTP/1.1" 200 1425
[2025-09-02 02:07:14] [WARNING] [django.request] Bad Request: /api/auth/login/
[2025-09-02 02:07:14] [WARNING] [django.server] "POST /api/auth/login/ HTTP/1.1" 400 44
[2025-09-02 02:08:33] [WARNING] [django.request] Bad Request: /api/auth/login/
[2025-09-02 02:08:33] [WARNING] [django.server] "POST /api/auth/login/ HTTP/1.1" 400 44
[2025-09-02 02:08:42] [WARNING] [django.request] Bad Request: /api/auth/login/
[2025-09-02 02:08:42] [WARNING] [django.server] "POST /api/auth/login/ HTTP/1.1" 400 44
[2025-09-02 02:08:48] [INFO] [django.server] "POST /api/auth/login/ HTTP/1.1" 200 638
[2025-09-02 02:08:48] [INFO] [django.server] "OPTIONS /api/admin/clients/ HTTP/1.1" 200 0
[2025-09-02 02:08:48] [INFO] [django.server] "OPTIONS /api/admin/transactions/ HTTP/1.1" 200 0
[2025-09-02 02:08:48] [INFO] [django.server] "OPTIONS /api/admin/fraud-alerts/ HTTP/1.1" 200 0
[2025-09-02 02:08:48] [INFO] [django.server] "OPTIONS /api/admin/transactions/ HTTP/1.1" 200 0
[2025-09-02 02:08:48] [INFO] [django.server] "OPTIONS /api/admin/fraud-alerts/ HTTP/1.1" 200 0
[2025-09-02 02:08:48] [INFO] [django.server] "GET /api/admin/clients/ HTTP/1.1" 200 22513
[2025-09-02 02:08:48] [INFO] [django.server] "GET /api/admin/transactions/ HTTP/1.1" 200 8106
[2025-09-02 02:08:48] [INFO] [django.server] "GET /api/admin/fraud-alerts/ HTTP/1.1" 200 7389
[2025-09-02 02:08:48] [INFO] [django.server] "GET /api/admin/clients/ HTTP/1.1" 200 22513
[2025-09-02 02:08:48] [INFO] [django.server] "GET /api/admin/transactions/ HTTP/1.1" 200 8106
[2025-09-02 02:08:48] [INFO] [django.server] "GET /api/admin/fraud-alerts/ HTTP/1.1" 200 7389
[2025-09-02 02:09:01] [INFO] [django.server] "GET /api/admin/clients/ HTTP/1.1" 200 22513
[2025-09-02 02:09:02] [INFO] [django.server] "GET /api/admin/clients/ HTTP/1.1" 200 22513
[2025-09-02 02:09:07] [INFO] [django.server] "GET /api/admin/transactions/ HTTP/1.1" 200 8106
[2025-09-02 02:09:07] [INFO] [django.server] "GET /api/admin/transactions/ HTTP/1.1" 200 8106
[2025-09-02 02:09:15] [INFO] [django.server] "GET /api/admin/fraud-alerts/ HTTP/1.1" 200 7389
[2025-09-02 02:09:15] [INFO] [django.server] "GET /api/admin/fraud-alerts/ HTTP/1.1" 200 7389
[2025-09-02 02:09:24] [INFO] [django.server] "OPTIONS /api/admin/thresholds/ HTTP/1.1" 200 0
[2025-09-02 02:09:24] [INFO] [django.server] "OPTIONS /api/admin/rules/ HTTP/1.1" 200 0
[2025-09-02 02:09:24] [INFO] [django.server] "OPTIONS /api/admin/thresholds/ HTTP/1.1" 200 0
[2025-09-02 02:09:24] [INFO] [django.server] "OPTIONS /api/admin/rules/ HTTP/1.1" 200 0
[2025-09-02 02:09:24] [INFO] [django.server] "GET /api/admin/thresholds/ HTTP/1.1" 200 404
[2025-09-02 02:09:24] [INFO] [django.server] "GET /api/admin/rules/ HTTP/1.1" 200 574
[2025-09-02 02:09:24] [INFO] [django.server] "GET /api/admin/rules/ HTTP/1.1" 200 574
[2025-09-02 02:09:24] [INFO] [django.server] "GET /api/admin/thresholds/ HTTP/1.1" 200 404
[2025-09-02 02:09:49] [WARNING] [django.request] Not Found: /api/client/profile/me/
[2025-09-02 02:09:50] [WARNING] [django.server] "GET /api/client/profile/me/ HTTP/1.1" 404 30
[2025-09-02 02:09:50] [WARNING] [django.request] Not Found: /api/client/profile/me/
[2025-09-02 02:09:50] [WARNING] [django.server] "GET /api/client/profile/me/ HTTP/1.1" 404 30
[2025-09-02 02:10:00] [INFO] [django.server] "POST /api/auth/login/ HTTP/1.1" 200 638
[2025-09-02 02:10:00] [INFO] [django.server] "GET /api/admin/clients/ HTTP/1.1" 200 22513
[2025-09-02 02:10:00] [INFO] [django.server] "GET /api/admin/fraud-alerts/ HTTP/1.1" 200 7389
[2025-09-02 02:10:00] [INFO] [django.server] "GET /api/admin/transactions/ HTTP/1.1" 200 8106
[2025-09-02 02:10:00] [INFO] [django.server] "GET /api/admin/fraud-alerts/ HTTP/1.1" 200 7389
[2025-09-02 02:10:00] [INFO] [django.server] "GET /api/admin/clients/ HTTP/1.1" 200 22513
[2025-09-02 02:10:00] [INFO] [django.server] "GET /api/admin/transactions/ HTTP/1.1" 200 8106
[2025-09-02 02:10:18] [INFO] [django.server] "GET /api/admin/clients/ HTTP/1.1" 200 22513
[2025-09-02 02:10:18] [INFO] [django.server] "GET /api/admin/clients/ HTTP/1.1" 200 22513
[2025-09-02 02:10:31] [INFO] [django.server] "GET /api/admin/fraud-alerts/ HTTP/1.1" 200 7389
[2025-09-02 02:10:31] [INFO] [django.server] "GET /api/admin/transactions/ HTTP/1.1" 200 8106
[2025-09-02 02:10:31] [INFO] [django.server] "GET /api/admin/clients/ HTTP/1.1" 200 22513
[2025-09-02 02:10:31] [INFO] [django.server] "GET /api/admin/fraud-alerts/ HTTP/1.1" 200 7389
[2025-09-02 02:10:31] [INFO] [django.server] "GET /api/admin/transactions/ HTTP/1.1" 200 8106
[2025-09-02 02:10:31] [INFO] [django.server] "GET /api/admin/clients/ HTTP/1.1" 200 22513
[2025-09-02 02:10:33] [INFO] [django.server] "GET /api/admin/clients/ HTTP/1.1" 200 22513
[2025-09-02 02:10:33] [INFO] [django.server] "GET /api/admin/clients/ HTTP/1.1" 200 22513
