[2025-11-23 13:33:10] [CRITICAL] [rules] 🔐 MANDATORY OTP REQUIRED: Effective distance 115.30km exceeds 60.0km threshold for transaction 333
[2025-11-23 13:33:10] [CRITICAL] [rules] 🔐 Effective distance-based OTP enforcement: Transaction 333 requires mandatory OTP
[2025-11-23 13:33:10] [CRITICAL] [rules] 🔐 MANDATORY OTP REQUIRED: Effective distance 115.30km exceeds 60.0km threshold for transaction 333
[2025-11-23 13:33:10] [CRITICAL] [rules] 🔐 Effective distance-based OTP enforcement: Transaction 333 requires mandatory OTP
[2025-11-23 13:33:19] [ERROR] [ai] Error making ML prediction for transaction 333: X has 9 features, but StandardScaler is expecting 7 features as input.
[2025-11-23 13:33:19] [ERROR] [system] System event: Error making ML prediction | Component: fraud_ml_model | Severity: ERROR | Data: {"transaction_id": 333, "error": "X has 9 features, but StandardScaler is expecting 7 features as input."}
[2025-11-23 13:33:21] [ERROR] [email_service] Error sending HTML email: (550, b'The from address does not match a verified Sender Identity. Mail cannot be sent until this error is resolved. Visit https://sendgrid.com/docs/for-developers/sending-email/sender-identity/ to see the Sender Identity requirements')
[2025-11-23 13:33:21] [ERROR] [email_service] Failed to send security OTP email to abassi.loay@gmail.com
[2025-11-23 13:33:21] [ERROR] [transactions] Failed to send transaction OTP email for transaction 333, deleting OTP
[2025-11-23 13:33:21] [ERROR] [system] System event: Transaction OTP creation failed - email not sent | Component: transactions | Severity: ERROR | Data: {"user_email": "abassi.loay@gmail.com", "user_id": 71, "transaction_id": 333, "otp_id": 42}
[2025-11-23 13:33:21] [ERROR] [transactions] Failed to create OTP for risk-flagged transaction 333
[2025-11-23 13:33:21] [ERROR] [django.request] Internal Server Error: /api/client/transactions/
[2025-11-23 13:33:21] [ERROR] [django.server] "POST /api/client/transactions/ HTTP/1.1" 500 63
[2025-11-23 14:17:52] [CRITICAL] [rules] 🔐 MANDATORY OTP REQUIRED: Effective distance 115.30km exceeds 60.0km threshold for transaction 334
[2025-11-23 14:17:52] [CRITICAL] [rules] 🔐 Effective distance-based OTP enforcement: Transaction 334 requires mandatory OTP
[2025-11-23 14:17:52] [CRITICAL] [rules] 🔐 MANDATORY OTP REQUIRED: Effective distance 115.30km exceeds 60.0km threshold for transaction 334
[2025-11-23 14:17:52] [CRITICAL] [rules] 🔐 Effective distance-based OTP enforcement: Transaction 334 requires mandatory OTP
[2025-11-23 14:17:53] [ERROR] [ai] Error making ML prediction for transaction 334: X has 9 features, but StandardScaler is expecting 7 features as input.
[2025-11-23 14:17:53] [ERROR] [system] System event: Error making ML prediction | Component: fraud_ml_model | Severity: ERROR | Data: {"transaction_id": 334, "error": "X has 9 features, but StandardScaler is expecting 7 features as input."}
[2025-11-23 14:18:22] [ERROR] [email_service] Error sending HTML email: (550, b'The from address does not match a verified Sender Identity. Mail cannot be sent until this error is resolved. Visit https://sendgrid.com/docs/for-developers/sending-email/sender-identity/ to see the Sender Identity requirements')
[2025-11-23 14:18:22] [ERROR] [email_service] Failed to send security OTP email to abassi.loay@gmail.com
[2025-11-23 14:36:38] [CRITICAL] [rules] 🔐 MANDATORY OTP REQUIRED: Effective distance 115.30km exceeds 60.0km threshold for transaction 335
[2025-11-23 14:36:38] [CRITICAL] [rules] 🔐 Effective distance-based OTP enforcement: Transaction 335 requires mandatory OTP
[2025-11-23 14:36:38] [CRITICAL] [rules] 🔐 MANDATORY OTP REQUIRED: Effective distance 115.30km exceeds 60.0km threshold for transaction 335
[2025-11-23 14:36:38] [CRITICAL] [rules] 🔐 Effective distance-based OTP enforcement: Transaction 335 requires mandatory OTP
[2025-11-23 14:36:39] [ERROR] [ai] Error making ML prediction for transaction 335: X has 9 features, but StandardScaler is expecting 7 features as input.
[2025-11-23 14:36:39] [ERROR] [system] System event: Error making ML prediction | Component: fraud_ml_model | Severity: ERROR | Data: {"transaction_id": 335, "error": "X has 9 features, but StandardScaler is expecting 7 features as input."}
[2025-11-23 14:37:15] [ERROR] [transactions] Error completing transaction after OTP verification: name 'send_transaction_notification' is not defined
[2025-11-23 14:37:15] [ERROR] [django.request] Internal Server Error: /api/client/transactions/335/verify_otp/
[2025-11-23 14:37:15] [ERROR] [django.server] "POST /api/client/transactions/335/verify_otp/ HTTP/1.1" 500 42
