[2025-09-03 18:54:04] [INFO] [ai] ML model loaded successfully from C:\Users\HP\Desktop\projects\safeNetAi\backend\models\fraud_isolation.joblib
[2025-09-03 18:54:04] [INFO] [ai] Making ML prediction for transaction 307
[2025-09-03 18:54:04] [INFO] [ai] Preparing features for transaction 307
[2025-09-03 18:54:04] [INFO] [ai] Features prepared: 7 features, shape: (1, 7)
[2025-09-03 18:54:04] [INFO] [ai] ML prediction: Raw score=0.0203, Normalized score=0.4797
[2025-09-03 18:54:04] [INFO] [ai] AI Prediction | Model: Fraud Detection Isolation Forest | Confidence: 0.48 | Time: 0.009s | Data: {"model_name": "Fraud Detection Isolation Forest", "prediction": 0.4797494320580509, "confidence": 0.4797494320580509, "processing_time": 0.008953571319580078}
[2025-09-03 19:05:25] [INFO] [ai] ML model loaded successfully from C:\Users\HP\Desktop\projects\safeNetAi\backend\models\fraud_isolation.joblib
[2025-09-03 19:05:25] [INFO] [ai] Making ML prediction for transaction 308
[2025-09-03 19:05:25] [INFO] [ai] Preparing features for transaction 308
[2025-09-03 19:05:25] [INFO] [ai] Features prepared: 7 features, shape: (1, 7)
[2025-09-03 19:05:25] [INFO] [ai] ML prediction: Raw score=-0.0729, Normalized score=0.5729
[2025-09-03 19:05:25] [INFO] [ai] AI Prediction | Model: Fraud Detection Isolation Forest | Confidence: 0.57 | Time: 0.005s | Data: {"model_name": "Fraud Detection Isolation Forest", "prediction": 0.5728514100253528, "confidence": 0.5728514100253528, "processing_time": 0.004942655563354492}
[2025-09-03 19:06:04] [INFO] [ai] ML model loaded successfully from C:\Users\HP\Desktop\projects\safeNetAi\backend\models\fraud_isolation.joblib
[2025-09-03 19:06:04] [INFO] [ai] Making ML prediction for transaction 309
[2025-09-03 19:06:04] [INFO] [ai] Preparing features for transaction 309
[2025-09-03 19:06:04] [INFO] [ai] Features prepared: 7 features, shape: (1, 7)
[2025-09-03 19:06:04] [INFO] [ai] ML prediction: Raw score=-0.0835, Normalized score=0.5835
[2025-09-03 19:06:04] [INFO] [ai] AI Prediction | Model: Fraud Detection Isolation Forest | Confidence: 0.58 | Time: 0.005s | Data: {"model_name": "Fraud Detection Isolation Forest", "prediction": 0.5835364425332044, "confidence": 0.5835364425332044, "processing_time": 0.005301475524902344}
[2025-09-03 19:07:50] [INFO] [ai] ML model loaded successfully from C:\Users\HP\Desktop\projects\safeNetAi\backend\models\fraud_isolation.joblib
[2025-09-03 19:07:50] [INFO] [ai] Making ML prediction for transaction 310
[2025-09-03 19:07:50] [INFO] [ai] Preparing features for transaction 310
[2025-09-03 19:07:50] [INFO] [ai] Features prepared: 7 features, shape: (1, 7)
[2025-09-03 19:07:50] [INFO] [ai] ML prediction: Raw score=0.0035, Normalized score=0.4965
[2025-09-03 19:07:50] [INFO] [ai] AI Prediction | Model: Fraud Detection Isolation Forest | Confidence: 0.50 | Time: 0.006s | Data: {"model_name": "Fraud Detection Isolation Forest", "prediction": 0.4965019126729858, "confidence": 0.4965019126729858, "processing_time": 0.005860328674316406}
[2025-09-03 19:08:39] [INFO] [ai] ML model loaded successfully from C:\Users\HP\Desktop\projects\safeNetAi\backend\models\fraud_isolation.joblib
[2025-09-03 19:08:39] [INFO] [ai] Making ML prediction for transaction 311
[2025-09-03 19:08:39] [INFO] [ai] Preparing features for transaction 311
[2025-09-03 19:08:39] [INFO] [ai] Features prepared: 7 features, shape: (1, 7)
[2025-09-03 19:08:39] [INFO] [ai] ML prediction: Raw score=0.0035, Normalized score=0.4965
[2025-09-03 19:08:39] [INFO] [ai] AI Prediction | Model: Fraud Detection Isolation Forest | Confidence: 0.50 | Time: 0.005s | Data: {"model_name": "Fraud Detection Isolation Forest", "prediction": 0.4965019126729858, "confidence": 0.4965019126729858, "processing_time": 0.00506591796875}
[2025-09-03 19:09:51] [INFO] [ai] ML model loaded successfully from C:\Users\HP\Desktop\projects\safeNetAi\backend\models\fraud_isolation.joblib
[2025-09-03 19:09:51] [INFO] [ai] Making ML prediction for transaction 312
[2025-09-03 19:09:51] [INFO] [ai] Preparing features for transaction 312
[2025-09-03 19:09:51] [INFO] [ai] Features prepared: 7 features, shape: (1, 7)
[2025-09-03 19:09:51] [INFO] [ai] ML prediction: Raw score=0.0035, Normalized score=0.4965
[2025-09-03 19:09:51] [INFO] [ai] AI Prediction | Model: Fraud Detection Isolation Forest | Confidence: 0.50 | Time: 0.007s | Data: {"model_name": "Fraud Detection Isolation Forest", "prediction": 0.4965019126729858, "confidence": 0.4965019126729858, "processing_time": 0.006665229797363281}
