[2025-11-23 13:29:32] [INFO] [django.utils.autoreload] Watching for file changes with StatReloader
[2025-11-23 13:31:41] [INFO] [django.utils.autoreload] Watching for file changes with StatReloader
[2025-11-23 13:31:52] [INFO] [django.server] "GET /admin/ HTTP/1.1" 302 0
[2025-11-23 13:31:53] [INFO] [django.server] "GET /admin/login/?next=/admin/ HTTP/1.1" 200 4167
[2025-11-23 13:31:53] [WARNING] [django.request] Not Found: /favicon.ico
[2025-11-23 13:31:53] [WARNING] [django.server] "GET /favicon.ico HTTP/1.1" 404 3746
[2025-11-23 13:32:00] [INFO] [django.server] "POST /admin/login/?next=/admin/ HTTP/1.1" 302 0
[2025-11-23 13:32:00] [INFO] [django.server] "GET /admin/ HTTP/1.1" 200 16650
[2025-11-23 13:33:01] [INFO] [django.server] "OPTIONS /api/auth/login/ HTTP/1.1" 200 0
[2025-11-23 13:33:02] [INFO] [django.server] "POST /api/auth/login/ HTTP/1.1" 200 663
[2025-11-23 13:33:02] [INFO] [django.server] "OPTIONS /api/client/profile/me/ HTTP/1.1" 200 0
[2025-11-23 13:33:02] [INFO] [django.server] "OPTIONS /api/client/transactions/ HTTP/1.1" 200 0
[2025-11-23 13:33:02] [INFO] [django.server] "OPTIONS /api/client/transactions/ HTTP/1.1" 200 0
[2025-11-23 13:33:02] [INFO] [django.server] "GET /api/client/profile/me/ HTTP/1.1" 200 467
[2025-11-23 13:33:02] [INFO] [django.server] "GET /api/client/profile/me/ HTTP/1.1" 200 467
[2025-11-23 13:33:02] [INFO] [django.server] "GET /api/client/transactions/ HTTP/1.1" 200 4389
[2025-11-23 13:33:02] [INFO] [django.server] "GET /api/client/transactions/ HTTP/1.1" 200 4389
[2025-11-23 13:33:10] [INFO] [system] System event: RiskEngine initialized | Component: risk_engine | Severity: INFO | Data: {"thresholds_count": 13, "rules_count": 4}
[2025-11-23 13:33:10] [INFO] [system] System event: RiskEngine initialized | Component: risk_engine | Severity: INFO | Data: {"thresholds_count": 13, "rules_count": 4}
[2025-11-23 13:33:19] [INFO] [system] System event: ML model loaded successfully | Component: fraud_ml_model | Severity: INFO | Data: {"model_path": "C:\\Users\\HP\\Desktop\\projects\\safeNetAi\\backend\\models\\fraud_isolation.joblib"}
[2025-11-23 13:33:19] [INFO] [system] System event: RiskEngine initialized | Component: risk_engine | Severity: INFO | Data: {"thresholds_count": 13, "rules_count": 4}
[2025-11-23 13:33:19] [INFO] [system] System event: RiskEngine initialized | Component: risk_engine | Severity: INFO | Data: {"thresholds_count": 13, "rules_count": 4}
[2025-11-23 13:33:19] [ERROR] [system] System event: Error making ML prediction | Component: fraud_ml_model | Severity: ERROR | Data: {"transaction_id": 333, "error": "X has 9 features, but StandardScaler is expecting 7 features as input."}
[2025-11-23 13:33:21] [ERROR] [system] System event: Transaction OTP creation failed - email not sent | Component: transactions | Severity: ERROR | Data: {"user_email": "abassi.loay@gmail.com", "user_id": 71, "transaction_id": 333, "otp_id": 42}
[2025-11-23 13:33:21] [ERROR] [django.request] Internal Server Error: /api/client/transactions/
[2025-11-23 13:33:21] [ERROR] [django.server] "POST /api/client/transactions/ HTTP/1.1" 500 63
[2025-11-23 13:55:43] [INFO] [django.utils.autoreload] C:\Users\HP\Desktop\projects\safeNetAi\backend\apps\users\email_service.py changed, reloading.
[2025-11-23 13:55:45] [INFO] [django.utils.autoreload] Watching for file changes with StatReloader
[2025-11-23 13:56:53] [INFO] [django.utils.autoreload] C:\Users\HP\Desktop\projects\safeNetAi\backend\apps\users\email_service.py changed, reloading.
[2025-11-23 13:56:54] [INFO] [django.utils.autoreload] Watching for file changes with StatReloader
[2025-11-23 13:57:55] [INFO] [django.utils.autoreload] C:\Users\HP\Desktop\projects\safeNetAi\backend\apps\users\email_service.py changed, reloading.
[2025-11-23 13:57:57] [INFO] [django.utils.autoreload] Watching for file changes with StatReloader
[2025-11-23 13:58:48] [INFO] [django.utils.autoreload] C:\Users\HP\Desktop\projects\safeNetAi\backend\apps\users\email_service.py changed, reloading.
[2025-11-23 13:58:49] [INFO] [django.utils.autoreload] Watching for file changes with StatReloader
[2025-11-23 13:59:23] [INFO] [django.utils.autoreload] C:\Users\HP\Desktop\projects\safeNetAi\backend\apps\users\email_service.py changed, reloading.
[2025-11-23 13:59:24] [INFO] [django.utils.autoreload] Watching for file changes with StatReloader
[2025-11-23 13:59:54] [INFO] [django.utils.autoreload] C:\Users\HP\Desktop\projects\safeNetAi\backend\apps\users\email_service.py changed, reloading.
[2025-11-23 13:59:55] [INFO] [django.utils.autoreload] Watching for file changes with StatReloader
[2025-11-23 14:00:46] [INFO] [django.utils.autoreload] C:\Users\HP\Desktop\projects\safeNetAi\backend\apps\users\email_service.py changed, reloading.
[2025-11-23 14:00:47] [INFO] [django.utils.autoreload] Watching for file changes with StatReloader
[2025-11-23 14:01:38] [INFO] [django.utils.autoreload] C:\Users\HP\Desktop\projects\safeNetAi\backend\apps\users\email_service.py changed, reloading.
[2025-11-23 14:01:39] [INFO] [django.utils.autoreload] Watching for file changes with StatReloader
[2025-11-23 14:03:09] [INFO] [django.utils.autoreload] C:\Users\HP\Desktop\projects\safeNetAi\backend\apps\transactions\services.py changed, reloading.
[2025-11-23 14:03:10] [INFO] [django.utils.autoreload] Watching for file changes with StatReloader
[2025-11-23 14:03:43] [INFO] [django.utils.autoreload] C:\Users\HP\Desktop\projects\safeNetAi\backend\apps\transactions\services.py changed, reloading.
[2025-11-23 14:03:44] [INFO] [django.utils.autoreload] Watching for file changes with StatReloader
[2025-11-23 14:04:41] [INFO] [django.utils.autoreload] C:\Users\HP\Desktop\projects\safeNetAi\backend\apps\transactions\views.py changed, reloading.
[2025-11-23 14:04:42] [INFO] [django.utils.autoreload] Watching for file changes with StatReloader
[2025-11-23 14:05:20] [INFO] [django.utils.autoreload] C:\Users\HP\Desktop\projects\safeNetAi\backend\apps\transactions\views.py changed, reloading.
[2025-11-23 14:05:21] [INFO] [django.utils.autoreload] Watching for file changes with StatReloader
[2025-11-23 14:07:19] [INFO] [django.utils.autoreload] C:\Users\HP\Desktop\projects\safeNetAi\backend\apps\users\email_service.py changed, reloading.
[2025-11-23 14:07:20] [INFO] [django.utils.autoreload] Watching for file changes with StatReloader
[2025-11-23 14:09:10] [INFO] [django.utils.autoreload] C:\Users\HP\Desktop\projects\safeNetAi\backend\apps\transactions\views.py changed, reloading.
[2025-11-23 14:09:11] [INFO] [django.utils.autoreload] Watching for file changes with StatReloader
[2025-11-23 14:10:21] [INFO] [django.utils.autoreload] C:\Users\HP\Desktop\projects\safeNetAi\backend\apps\transactions\views.py changed, reloading.
[2025-11-23 14:10:22] [INFO] [django.utils.autoreload] Watching for file changes with StatReloader
[2025-11-23 14:10:46] [INFO] [django.utils.autoreload] C:\Users\HP\Desktop\projects\safeNetAi\backend\apps\transactions\views.py changed, reloading.
[2025-11-23 14:10:47] [INFO] [django.utils.autoreload] Watching for file changes with StatReloader
[2025-11-23 14:11:49] [INFO] [django.utils.autoreload] C:\Users\HP\Desktop\projects\safeNetAi\backend\apps\transactions\views.py changed, reloading.
[2025-11-23 14:11:50] [INFO] [django.utils.autoreload] Watching for file changes with StatReloader
[2025-11-23 14:14:06] [INFO] [django.utils.autoreload] C:\Users\HP\Desktop\projects\safeNetAi\backend\apps\transactions\views.py changed, reloading.
[2025-11-23 14:14:07] [INFO] [django.utils.autoreload] Watching for file changes with StatReloader
[2025-11-23 14:15:00] [INFO] [django.utils.autoreload] C:\Users\HP\Desktop\projects\safeNetAi\backend\apps\transactions\views.py changed, reloading.
[2025-11-23 14:15:01] [INFO] [django.utils.autoreload] Watching for file changes with StatReloader
[2025-11-23 14:17:42] [INFO] [django.utils.autoreload] Watching for file changes with StatReloader
[2025-11-23 14:17:52] [INFO] [system] System event: RiskEngine initialized | Component: risk_engine | Severity: INFO | Data: {"thresholds_count": 13, "rules_count": 4}
[2025-11-23 14:17:52] [INFO] [system] System event: RiskEngine initialized | Component: risk_engine | Severity: INFO | Data: {"thresholds_count": 13, "rules_count": 4}
[2025-11-23 14:17:53] [INFO] [system] System event: ML model loaded successfully | Component: fraud_ml_model | Severity: INFO | Data: {"model_path": "C:\\Users\\HP\\Desktop\\projects\\safeNetAi\\backend\\models\\fraud_isolation.joblib"}
[2025-11-23 14:17:53] [INFO] [system] System event: RiskEngine initialized | Component: risk_engine | Severity: INFO | Data: {"thresholds_count": 13, "rules_count": 4}
[2025-11-23 14:17:53] [INFO] [system] System event: RiskEngine initialized | Component: risk_engine | Severity: INFO | Data: {"thresholds_count": 13, "rules_count": 4}
[2025-11-23 14:17:53] [ERROR] [system] System event: Error making ML prediction | Component: fraud_ml_model | Severity: ERROR | Data: {"transaction_id": 334, "error": "X has 9 features, but StandardScaler is expecting 7 features as input."}
[2025-11-23 14:17:53] [INFO] [system] System event: Transaction OTP created and sent successfully | Component: transactions | Severity: INFO | Data: {"user_email": "abassi.loay@gmail.com", "user_id": 71, "transaction_id": 334, "otp_id": 43}
[2025-11-23 14:17:53] [WARNING] [system] System event: Transaction requires OTP verification due to risk rules or AI assessment | Component: transactions | Severity: WARNING | Data: {"transaction_id": 334, "risk_score": 70, "triggers": ["\u26a0\ufe0f Effective distance violation: 115.30km > 60.0km threshold"], "ml_score": 0.5, "user_id": 71, "distance_violation": false, "otp_reasons": ["Business rules triggered: 1", "High risk score: 70", "Risk engine explicit requirement"], "reason": "risk_rules"}
[2025-11-23 14:17:53] [INFO] [django.server] "POST /api/client/transactions/ HTTP/1.1" 201 404
[2025-11-23 14:26:47] [INFO] [django.utils.autoreload] C:\Users\HP\Desktop\projects\safeNetAi\backend\backend\settings.py changed, reloading.
[2025-11-23 14:26:48] [INFO] [django.utils.autoreload] Watching for file changes with StatReloader
[2025-11-23 14:32:26] [INFO] [django.utils.autoreload] C:\Users\HP\Desktop\projects\safeNetAi\backend\backend\settings.py changed, reloading.
[2025-11-23 14:32:27] [INFO] [django.utils.autoreload] Watching for file changes with StatReloader
[2025-11-23 14:32:36] [INFO] [django.utils.autoreload] C:\Users\HP\Desktop\projects\safeNetAi\backend\backend\settings.py changed, reloading.
[2025-11-23 14:32:37] [INFO] [django.utils.autoreload] Watching for file changes with StatReloader
[2025-11-23 14:32:47] [INFO] [django.utils.autoreload] C:\Users\HP\Desktop\projects\safeNetAi\backend\backend\settings.py changed, reloading.
[2025-11-23 14:32:48] [INFO] [django.utils.autoreload] Watching for file changes with StatReloader
[2025-11-23 14:36:38] [INFO] [system] System event: RiskEngine initialized | Component: risk_engine | Severity: INFO | Data: {"thresholds_count": 13, "rules_count": 4}
[2025-11-23 14:36:38] [INFO] [system] System event: RiskEngine initialized | Component: risk_engine | Severity: INFO | Data: {"thresholds_count": 13, "rules_count": 4}
[2025-11-23 14:36:39] [INFO] [system] System event: ML model loaded successfully | Component: fraud_ml_model | Severity: INFO | Data: {"model_path": "C:\\Users\\HP\\Desktop\\projects\\safeNetAi\\backend\\models\\fraud_isolation.joblib"}
[2025-11-23 14:36:39] [INFO] [system] System event: RiskEngine initialized | Component: risk_engine | Severity: INFO | Data: {"thresholds_count": 13, "rules_count": 4}
[2025-11-23 14:36:39] [INFO] [system] System event: RiskEngine initialized | Component: risk_engine | Severity: INFO | Data: {"thresholds_count": 13, "rules_count": 4}
[2025-11-23 14:36:39] [ERROR] [system] System event: Error making ML prediction | Component: fraud_ml_model | Severity: ERROR | Data: {"transaction_id": 335, "error": "X has 9 features, but StandardScaler is expecting 7 features as input."}
[2025-11-23 14:36:39] [INFO] [system] System event: Transaction OTP created and sent successfully | Component: transactions | Severity: INFO | Data: {"user_email": "abassi.loay@gmail.com", "user_id": 71, "transaction_id": 335, "otp_id": 44}
[2025-11-23 14:36:39] [WARNING] [system] System event: Transaction requires OTP verification due to risk rules or AI assessment | Component: transactions | Severity: WARNING | Data: {"transaction_id": 335, "risk_score": 70, "triggers": ["\u26a0\ufe0f Effective distance violation: 115.30km > 60.0km threshold"], "ml_score": 0.5, "user_id": 71, "distance_violation": false, "otp_reasons": ["Business rules triggered: 1", "High risk score: 70", "Risk engine explicit requirement"], "reason": "risk_rules"}
[2025-11-23 14:36:39] [INFO] [django.server] "POST /api/client/transactions/ HTTP/1.1" 201 404
[2025-11-23 14:36:42] [INFO] [system] System event: Security OTP email sent successfully | Component: email_service | Severity: INFO | Data: {"user_email": "abassi.loay@gmail.com", "user_id": 71, "transaction_id": 335, "otp_code": "122195"}
[2025-11-23 14:37:15] [INFO] [django.server] "OPTIONS /api/client/transactions/335/verify_otp/ HTTP/1.1" 200 0
[2025-11-23 14:37:15] [INFO] [system] System event: Transaction OTP verified successfully | Component: transactions | Severity: INFO | Data: {"user_email": "abassi.loay@gmail.com", "user_id": 71, "transaction_id": 335, "otp_id": 44}
[2025-11-23 14:37:15] [ERROR] [django.request] Internal Server Error: /api/client/transactions/335/verify_otp/
[2025-11-23 14:37:15] [ERROR] [django.server] "POST /api/client/transactions/335/verify_otp/ HTTP/1.1" 500 42
[2025-11-23 14:37:17] [WARNING] [django.request] Bad Request: /api/client/transactions/335/verify_otp/
[2025-11-23 14:37:17] [WARNING] [django.server] "POST /api/client/transactions/335/verify_otp/ HTTP/1.1" 400 51
